--> 18/01/2021 01:13:41 <--
--> Origem da chamada : menew-teste3
--> Código da chamada : 3
--> Mensagem de retorno : Campo e-mail inválido [E-mail=andre@gmail.com]

--> 18/01/2021 01:14:15 <--
*** Mensagem de retorno direcionada ***
--> Selecionando dado(s) -> 
--> Tipo do objeto do Model -> menew_teste3.MVC.Models.ModelCliente
--> <---> -> 
--> SQL utilizado -> SELECT * FROM clientes
--> Conexão com banco -> C:\Users\andre\source\repos\menew-teste3\bin\Debug\DataBase\CLIENTS.FDB

--> 18/01/2021 01:14:33 <--
*** Mensagem de retorno direcionada ***
--> Selecionando dado(s) -> 
--> Tipo do objeto do Model -> menew_teste3.MVC.Models.ModelCliente
--> <---> -> 
--> SQL utilizado -> SELECT * FROM clientes
--> Conexão com banco -> C:\Users\andre\source\repos\menew-teste3\bin\Debug\DataBase\CLIENTS.FDB

--> 18/01/2021 01:16:28 <--
--> Origem da chamada : menew-teste3
--> Código da chamada : 7
--> Mensagem de retorno : Campo telefone inválido [Telefone=asfasf]

--> 18/01/2021 01:20:14 <--
*** Mensagem de retorno direcionada ***
--> Selecionando dado(s) -> 
--> Tipo do objeto do Model -> menew_teste3.MVC.Models.ModelCliente
--> <---> -> 
--> SQL utilizado -> SELECT * FROM clientes
--> Conexão com banco -> C:\Users\andre\source\repos\menew-teste3\bin\Debug\DataBase\CLIENTS.FDB

--> 18/01/2021 01:20:43 <--
--> Origem da chamada : menew-teste3
--> Código da chamada : 7
--> Mensagem de retorno : Campo telefone inválido [Telefone=asfsfasf]

--> 18/01/2021 01:22:20 <--
*** Mensagem de retorno direcionada ***
--> Selecionando dado(s) -> 
--> Tipo do objeto do Model -> menew_teste3.MVC.Models.ModelCliente
--> <---> -> 
--> SQL utilizado -> SELECT * FROM clientes
--> Conexão com banco -> C:\Users\andre\source\repos\menew-teste3\bin\Debug\DataBase\CLIENTS.FDB

--> 18/01/2021 01:22:24 <--
--> Origem da chamada : menew-teste3
--> Código da chamada : 9
--> Mensagem de retorno : Campo cep está vazio [Cep=]

--> 18/01/2021 01:22:50 <--
*** Mensagem de retorno direcionada ***
--> Selecionando dado(s) -> 
--> Tipo do objeto do Model -> menew_teste3.MVC.Models.ModelCliente
--> <---> -> 
--> SQL utilizado -> SELECT * FROM clientes
--> Conexão com banco -> C:\Users\andre\source\repos\menew-teste3\bin\Debug\DataBase\CLIENTS.FDB

--> 18/01/2021 01:23:39 <--
*** Mensagem de retorno direcionada ***
--> Selecionando dado(s) -> 
--> Tipo do objeto do Model -> menew_teste3.MVC.Models.ModelCliente
--> <---> -> 
--> SQL utilizado -> SELECT * FROM clientes
--> Conexão com banco -> C:\Users\andre\source\repos\menew-teste3\bin\Debug\DataBase\CLIENTS.FDB

--> 18/01/2021 01:24:13 <--
--> Origem da chamada : menew-teste3
--> Código da chamada : 7
--> Mensagem de retorno : Campo telefone inválido [Telefone=asasf]

--> 18/01/2021 01:24:37 <--
*** Mensagem de retorno direcionada ***
--> Selecionando dado(s) -> 
--> Tipo do objeto do Model -> menew_teste3.MVC.Models.ModelCliente
--> <---> -> 
--> SQL utilizado -> SELECT * FROM clientes
--> Conexão com banco -> C:\Users\andre\source\repos\menew-teste3\bin\Debug\DataBase\CLIENTS.FDB

--> 18/01/2021 01:25:12 <--
--> Origem da chamada : menew-teste3
--> Código da chamada : 3
--> Mensagem de retorno : Campo e-mail inválido [E-mail=ssfasfasf]

--> 18/01/2021 01:25:16 <--
*** Mensagem de retorno direcionada ***
--> Selecionando dado(s) -> 
--> Tipo do objeto do Model -> menew_teste3.MVC.Models.ModelCliente
--> <---> -> 
--> SQL utilizado -> SELECT * FROM clientes
--> Conexão com banco -> C:\Users\andre\source\repos\menew-teste3\bin\Debug\DataBase\CLIENTS.FDB

--> 18/01/2021 01:26:15 <--
*** Mensagem de retorno direcionada ***
--> Selecionando dado(s) -> 
--> Tipo do objeto do Model -> menew_teste3.MVC.Models.ModelCliente
--> <---> -> 
--> SQL utilizado -> SELECT * FROM clientes
--> Conexão com banco -> C:\Users\andre\source\repos\menew-teste3\bin\Debug\DataBase\CLIENTS.FDB

--> 18/01/2021 01:26:54 <--
*** Mensagem de retorno direcionada ***
--> Inserindo um dado -> 
--> Tipo do objeto do Model -> menew_teste3.MVC.Models.ModelCliente
--> <---> -> 
--> SQL utilizado -> 
				INSERT INTO clientes (
					NOME, EMAIL, CEP, ESTADO, RUA,
					COMPLEMENTO, TELEFONE, CIDADE, NUMERO
				) VALUES (
					@NOME, @EMAIL, @CEP, @ESTADO, @RUA,
					@COMPLEMENTO, @TELEFONE, @CIDADE, @NUMERO
				)
--> Conexão com banco -> C:\Users\andre\source\repos\menew-teste3\bin\Debug\DataBase\CLIENTS.FDB

--> 18/01/2021 01:27:19 <--
*** Mensagem de retorno direcionada ***
--> Selecionando dado(s) -> 
--> Tipo do objeto do Model -> menew_teste3.MVC.Models.ModelCliente
--> <---> -> 
--> SQL utilizado -> SELECT * FROM clientes
--> Conexão com banco -> C:\Users\andre\source\repos\menew-teste3\bin\Debug\DataBase\CLIENTS.FDB

--> 18/01/2021 01:28:22 <--
--> Origem da chamada : menew-teste3
--> Código da chamada : 7
--> Mensagem de retorno : Campo telefone inválido [Telefone=safasf]

--> 18/01/2021 01:28:40 <--
*** Mensagem de retorno direcionada ***
--> Selecionando dado(s) -> 
--> Tipo do objeto do Model -> menew_teste3.MVC.Models.ModelCliente
--> <---> -> 
--> SQL utilizado -> SELECT * FROM clientes
--> Conexão com banco -> C:\Users\andre\source\repos\menew-teste3\bin\Debug\DataBase\CLIENTS.FDB

--> 18/01/2021 01:29:12 <--
--> Origem da chamada : menew-teste3
--> Código da chamada : 7
--> Mensagem de retorno : Campo telefone inválido [Telefone=sfsfsfasf]

--> 18/01/2021 01:30:28 <--
*** Mensagem de retorno direcionada ***
--> Selecionando dado(s) -> 
--> Tipo do objeto do Model -> menew_teste3.MVC.Models.ModelCliente
--> <---> -> 
--> SQL utilizado -> SELECT * FROM clientes
--> Conexão com banco -> C:\Users\andre\source\repos\menew-teste3\bin\Debug\DataBase\CLIENTS.FDB

--> 18/01/2021 01:30:50 <--
--> Origem da chamada : menew-teste3
--> Código da chamada : 7
--> Mensagem de retorno : Campo telefone inválido [Telefone=asfsafsaf]

--> 18/01/2021 01:31:16 <--
*** Mensagem de retorno direcionada ***
--> Selecionando dado(s) -> 
--> Tipo do objeto do Model -> menew_teste3.MVC.Models.ModelCliente
--> <---> -> 
--> SQL utilizado -> SELECT * FROM clientes
--> Conexão com banco -> C:\Users\andre\source\repos\menew-teste3\bin\Debug\DataBase\CLIENTS.FDB

--> 18/01/2021 01:31:51 <--
*** Mensagem de retorno direcionada ***
--> Selecionando dado(s) -> 
--> Tipo do objeto do Model -> menew_teste3.MVC.Models.ModelCliente
--> <---> -> 
--> SQL utilizado -> SELECT * FROM clientes
--> Conexão com banco -> C:\Users\andre\source\repos\menew-teste3\bin\Debug\DataBase\CLIENTS.FDB

--> 18/01/2021 01:35:23 <--
*** Mensagem de retorno direcionada ***
--> Selecionando dado(s) -> 
--> Tipo do objeto do Model -> menew_teste3.MVC.Models.ModelCliente
--> <---> -> 
--> SQL utilizado -> SELECT * FROM clientes
--> Conexão com banco -> C:\Users\andre\source\repos\menew-teste3\bin\Debug\DataBase\CLIENTS.FDB

--> 18/01/2021 01:36:57 <--
*** Mensagem de retorno direcionada ***
--> Selecionando dado(s) -> 
--> Tipo do objeto do Model -> menew_teste3.MVC.Models.ModelCliente
--> <---> -> 
--> SQL utilizado -> SELECT * FROM clientes
--> Conexão com banco -> C:\Users\andre\source\repos\menew-teste3\bin\Debug\DataBase\CLIENTS.FDB

--> 18/01/2021 01:37:07 <--
*** Mensagem de retorno direcionada ***
--> Atualizando um dado -> 
--> Tipo do objeto do Model -> menew_teste3.MVC.Models.ModelCliente
--> <---> -> 
--> SQL utilizado -> 
				UPDATE clientes SET
					NOME = @NOME,
					EMAIL = @EMAIL,
					CEP = @CEP,
					ESTADO = @ESTADO,
					RUA = @RUA,
					COMPLEMENTO = @COMPLEMENTO,
					TELEFONE = @TELEFONE,
					CIDADE = @CIDADE,
					NUMERO = @NUMERO
				WHERE Id = @Id
--> Conexão com banco -> C:\Users\andre\source\repos\menew-teste3\bin\Debug\DataBase\CLIENTS.FDB

--> 18/01/2021 01:43:53 <--
*** Mensagem de retorno direcionada ***
--> Selecionando dado(s) -> 
--> Tipo do objeto do Model -> menew_teste3.MVC.Models.ModelCliente
--> <---> -> 
--> SQL utilizado -> SELECT * FROM clientes
--> Conexão com banco -> C:\Users\andre\source\repos\menew-teste3\bin\Debug\DataBase\CLIENTS.FDB

--> 18/01/2021 01:53:44 <--
*** Mensagem de retorno direcionada ***
--> Selecionando dado(s) -> 
--> Tipo do objeto do Model -> menew_teste3.MVC.Models.ModelCliente
--> <---> -> 
--> SQL utilizado -> SELECT * FROM clientes
--> Conexão com banco -> C:\Users\andre\source\repos\menew-teste3\bin\Debug\DataBase\CLIENTS.FDB

--> 18/01/2021 01:54:00 <--
--> Origem da chamada : System
--> Código da chamada : -2146233079
--> Mensagem de retorno : O servidor remoto retornou um erro: (400) Solicitação Incorreta.

*** Mensagem de retorno direcionada ***
--> URL de consulta CEP :  -> http://viacep.com.br/ws/qw/json/

--> 18/01/2021 01:54:00 <--
--> Origem da chamada : System
--> Código da chamada : -2146233079
--> Mensagem de retorno : O servidor remoto retornou um erro: (400) Solicitação Incorreta.

*** Mensagem de retorno direcionada ***
--> Não foi possível adcionar o CEP  -> [CEP = qw]

--> 18/01/2021 01:54:55 <--
*** Mensagem de retorno direcionada ***
--> Selecionando dado(s) -> 
--> Tipo do objeto do Model -> menew_teste3.MVC.Models.ModelCliente
--> <---> -> 
--> SQL utilizado -> SELECT * FROM clientes
--> Conexão com banco -> C:\Users\andre\source\repos\menew-teste3\bin\Debug\DataBase\CLIENTS.FDB

--> 18/01/2021 01:55:27 <--
--> Origem da chamada : menew-teste3
--> Código da chamada : 7
--> Mensagem de retorno : Campo telefone inválido [Telefone=223532532]

--> 18/01/2021 01:55:53 <--
--> Origem da chamada : menew-teste3
--> Código da chamada : 7
--> Mensagem de retorno : Campo telefone inválido [Telefone=2235325329]

--> 18/01/2021 01:55:56 <--
*** Mensagem de retorno direcionada ***
--> Inserindo um dado -> 
--> Tipo do objeto do Model -> menew_teste3.MVC.Models.ModelCliente
--> <---> -> 
--> SQL utilizado -> 
				INSERT INTO clientes (
					NOME, EMAIL, CEP, ESTADO, RUA,
					COMPLEMENTO, TELEFONE, CIDADE, NUMERO
				) VALUES (
					@NOME, @EMAIL, @CEP, @ESTADO, @RUA,
					@COMPLEMENTO, @TELEFONE, @CIDADE, @NUMERO
				)
--> Conexão com banco -> C:\Users\andre\source\repos\menew-teste3\bin\Debug\DataBase\CLIENTS.FDB

--> 18/01/2021 01:55:56 <--
*** Mensagem de retorno direcionada ***
--> Selecionando dado(s) -> 
--> Tipo do objeto do Model -> menew_teste3.MVC.Models.ModelCliente
--> <---> -> 
--> SQL utilizado -> SELECT * FROM clientes
--> Conexão com banco -> C:\Users\andre\source\repos\menew-teste3\bin\Debug\DataBase\CLIENTS.FDB

--> 18/01/2021 01:57:18 <--
*** Mensagem de retorno direcionada ***
--> Selecionando dado(s) -> 
--> Tipo do objeto do Model -> menew_teste3.MVC.Models.ModelCliente
--> <---> -> 
--> SQL utilizado -> SELECT * FROM clientes
--> Conexão com banco -> C:\Users\andre\source\repos\menew-teste3\bin\Debug\DataBase\CLIENTS.FDB

--> 18/01/2021 01:58:00 <--
*** Mensagem de retorno direcionada ***
--> Selecionando dado(s) -> 
--> Tipo do objeto do Model -> menew_teste3.MVC.Models.ModelCliente
--> <---> -> 
--> SQL utilizado -> SELECT * FROM clientes
--> Conexão com banco -> C:\Users\andre\source\repos\menew-teste3\bin\Debug\DataBase\CLIENTS.FDB

--> 18/01/2021 01:58:23 <--
*** Mensagem de retorno direcionada ***
--> Inserindo um dado -> 
--> Tipo do objeto do Model -> menew_teste3.MVC.Models.ModelCliente
--> <---> -> 
--> SQL utilizado -> 
				INSERT INTO clientes (
					NOME, EMAIL, CEP, ESTADO, RUA,
					COMPLEMENTO, TELEFONE, CIDADE, NUMERO
				) VALUES (
					@NOME, @EMAIL, @CEP, @ESTADO, @RUA,
					@COMPLEMENTO, @TELEFONE, @CIDADE, @NUMERO
				)
--> Conexão com banco -> C:\Users\andre\source\repos\menew-teste3\bin\Debug\DataBase\CLIENTS.FDB

--> 18/01/2021 01:58:39 <--
*** Mensagem de retorno direcionada ***
--> Selecionando dado(s) -> 
--> Tipo do objeto do Model -> menew_teste3.MVC.Models.ModelCliente
--> <---> -> 
--> SQL utilizado -> SELECT * FROM clientes
--> Conexão com banco -> C:\Users\andre\source\repos\menew-teste3\bin\Debug\DataBase\CLIENTS.FDB

--> 18/01/2021 01:59:05 <--
*** Mensagem de retorno direcionada ***
--> Selecionando dado(s) -> 
--> Tipo do objeto do Model -> menew_teste3.MVC.Models.ModelCliente
--> <---> -> 
--> SQL utilizado -> SELECT * FROM clientes
--> Conexão com banco -> C:\Users\andre\source\repos\menew-teste3\bin\Debug\DataBase\CLIENTS.FDB

--> 18/01/2021 01:59:20 <--
*** Mensagem de retorno direcionada ***
--> Inserindo um dado -> 
--> Tipo do objeto do Model -> menew_teste3.MVC.Models.ModelCliente
--> <---> -> 
--> SQL utilizado -> 
				INSERT INTO clientes (
					NOME, EMAIL, CEP, ESTADO, RUA,
					COMPLEMENTO, TELEFONE, CIDADE, NUMERO
				) VALUES (
					@NOME, @EMAIL, @CEP, @ESTADO, @RUA,
					@COMPLEMENTO, @TELEFONE, @CIDADE, @NUMERO
				)
--> Conexão com banco -> C:\Users\andre\source\repos\menew-teste3\bin\Debug\DataBase\CLIENTS.FDB

--> 18/01/2021 01:59:26 <--
*** Mensagem de retorno direcionada ***
--> Selecionando dado(s) -> 
--> Tipo do objeto do Model -> menew_teste3.MVC.Models.ModelCliente
--> <---> -> 
--> SQL utilizado -> SELECT * FROM clientes
--> Conexão com banco -> C:\Users\andre\source\repos\menew-teste3\bin\Debug\DataBase\CLIENTS.FDB

--> 18/01/2021 01:59:40 <--
*** Mensagem de retorno direcionada ***
--> Selecionando dado(s) -> 
--> Tipo do objeto do Model -> menew_teste3.MVC.Models.ModelCliente
--> <---> -> 
--> SQL utilizado -> SELECT * FROM clientes
--> Conexão com banco -> C:\Users\andre\source\repos\menew-teste3\bin\Debug\DataBase\CLIENTS.FDB

--> 18/01/2021 01:59:55 <--
*** Mensagem de retorno direcionada ***
--> Inserindo um dado -> 
--> Tipo do objeto do Model -> menew_teste3.MVC.Models.ModelCliente
--> <---> -> 
--> SQL utilizado -> 
				INSERT INTO clientes (
					NOME, EMAIL, CEP, ESTADO, RUA,
					COMPLEMENTO, TELEFONE, CIDADE, NUMERO
				) VALUES (
					@NOME, @EMAIL, @CEP, @ESTADO, @RUA,
					@COMPLEMENTO, @TELEFONE, @CIDADE, @NUMERO
				)
--> Conexão com banco -> C:\Users\andre\source\repos\menew-teste3\bin\Debug\DataBase\CLIENTS.FDB

--> 18/01/2021 01:59:57 <--
*** Mensagem de retorno direcionada ***
--> Selecionando dado(s) -> 
--> Tipo do objeto do Model -> menew_teste3.MVC.Models.ModelCliente
--> <---> -> 
--> SQL utilizado -> SELECT * FROM clientes
--> Conexão com banco -> C:\Users\andre\source\repos\menew-teste3\bin\Debug\DataBase\CLIENTS.FDB

--> 18/01/2021 02:00:52 <--
*** Mensagem de retorno direcionada ***
--> Selecionando dado(s) -> 
--> Tipo do objeto do Model -> menew_teste3.MVC.Models.ModelCliente
--> <---> -> 
--> SQL utilizado -> SELECT * FROM clientes
--> Conexão com banco -> C:\Users\andre\source\repos\menew-teste3\bin\Debug\DataBase\CLIENTS.FDB

--> 18/01/2021 02:01:11 <--
*** Mensagem de retorno direcionada ***
--> Inserindo um dado -> 
--> Tipo do objeto do Model -> menew_teste3.MVC.Models.ModelCliente
--> <---> -> 
--> SQL utilizado -> 
				INSERT INTO clientes (
					NOME, EMAIL, CEP, ESTADO, RUA,
					COMPLEMENTO, TELEFONE, CIDADE, NUMERO
				) VALUES (
					@NOME, @EMAIL, @CEP, @ESTADO, @RUA,
					@COMPLEMENTO, @TELEFONE, @CIDADE, @NUMERO
				)
--> Conexão com banco -> C:\Users\andre\source\repos\menew-teste3\bin\Debug\DataBase\CLIENTS.FDB

--> 18/01/2021 02:01:11 <--
*** Mensagem de retorno direcionada ***
--> Selecionando dado(s) -> 
--> Tipo do objeto do Model -> menew_teste3.MVC.Models.ModelCliente
--> <---> -> 
--> SQL utilizado -> SELECT * FROM clientes
--> Conexão com banco -> C:\Users\andre\source\repos\menew-teste3\bin\Debug\DataBase\CLIENTS.FDB

--> 18/01/2021 02:03:24 <--
*** Mensagem de retorno direcionada ***
--> Selecionando dado(s) -> 
--> Tipo do objeto do Model -> menew_teste3.MVC.Models.ModelCliente
--> <---> -> 
--> SQL utilizado -> SELECT * FROM clientes
--> Conexão com banco -> C:\Users\andre\source\repos\menew-teste3\bin\Debug\DataBase\CLIENTS.FDB

--> 18/01/2021 02:03:41 <--
--> Origem da chamada : menew-teste3
--> Código da chamada : 7
--> Mensagem de retorno : Campo telefone inválido [Telefone=555555555]

--> 18/01/2021 02:03:49 <--
*** Mensagem de retorno direcionada ***
--> Inserindo um dado -> 
--> Tipo do objeto do Model -> menew_teste3.MVC.Models.ModelCliente
--> <---> -> 
--> SQL utilizado -> 
				INSERT INTO clientes (
					NOME, EMAIL, CEP, ESTADO, RUA,
					COMPLEMENTO, TELEFONE, CIDADE, NUMERO
				) VALUES (
					@NOME, @EMAIL, @CEP, @ESTADO, @RUA,
					@COMPLEMENTO, @TELEFONE, @CIDADE, @NUMERO
				)
--> Conexão com banco -> C:\Users\andre\source\repos\menew-teste3\bin\Debug\DataBase\CLIENTS.FDB

--> 18/01/2021 02:03:49 <--
*** Mensagem de retorno direcionada ***
--> Selecionando dado(s) -> 
--> Tipo do objeto do Model -> menew_teste3.MVC.Models.ModelCliente
--> <---> -> 
--> SQL utilizado -> SELECT * FROM clientes
--> Conexão com banco -> C:\Users\andre\source\repos\menew-teste3\bin\Debug\DataBase\CLIENTS.FDB

--> 18/01/2021 02:04:46 <--
*** Mensagem de retorno direcionada ***
--> Selecionando dado(s) -> 
--> Tipo do objeto do Model -> menew_teste3.MVC.Models.ModelCliente
--> <---> -> 
--> SQL utilizado -> SELECT * FROM clientes
--> Conexão com banco -> C:\Users\andre\source\repos\menew-teste3\bin\Debug\DataBase\CLIENTS.FDB

--> 18/01/2021 02:05:03 <--
*** Mensagem de retorno direcionada ***
--> Inserindo um dado -> 
--> Tipo do objeto do Model -> menew_teste3.MVC.Models.ModelCliente
--> <---> -> 
--> SQL utilizado -> 
				INSERT INTO clientes (
					NOME, EMAIL, CEP, ESTADO, RUA,
					COMPLEMENTO, TELEFONE, CIDADE, NUMERO
				) VALUES (
					@NOME, @EMAIL, @CEP, @ESTADO, @RUA,
					@COMPLEMENTO, @TELEFONE, @CIDADE, @NUMERO
				)
--> Conexão com banco -> C:\Users\andre\source\repos\menew-teste3\bin\Debug\DataBase\CLIENTS.FDB

--> 18/01/2021 02:05:03 <--
*** Mensagem de retorno direcionada ***
--> Selecionando dado(s) -> 
--> Tipo do objeto do Model -> menew_teste3.MVC.Models.ModelCliente
--> <---> -> 
--> SQL utilizado -> SELECT * FROM clientes
--> Conexão com banco -> C:\Users\andre\source\repos\menew-teste3\bin\Debug\DataBase\CLIENTS.FDB

--> 18/01/2021 02:06:11 <--
*** Mensagem de retorno direcionada ***
--> Selecionando dado(s) -> 
--> Tipo do objeto do Model -> menew_teste3.MVC.Models.ModelCliente
--> <---> -> 
--> SQL utilizado -> SELECT * FROM clientes
--> Conexão com banco -> C:\Users\andre\source\repos\menew-teste3\bin\Debug\DataBase\CLIENTS.FDB

--> 18/01/2021 02:06:34 <--
*** Mensagem de retorno direcionada ***
--> Inserindo um dado -> 
--> Tipo do objeto do Model -> menew_teste3.MVC.Models.ModelCliente
--> <---> -> 
--> SQL utilizado -> 
				INSERT INTO clientes (
					NOME, EMAIL, CEP, ESTADO, RUA,
					COMPLEMENTO, TELEFONE, CIDADE, NUMERO
				) VALUES (
					@NOME, @EMAIL, @CEP, @ESTADO, @RUA,
					@COMPLEMENTO, @TELEFONE, @CIDADE, @NUMERO
				)
--> Conexão com banco -> C:\Users\andre\source\repos\menew-teste3\bin\Debug\DataBase\CLIENTS.FDB

--> 18/01/2021 02:06:34 <--
*** Mensagem de retorno direcionada ***
--> Selecionando dado(s) -> 
--> Tipo do objeto do Model -> menew_teste3.MVC.Models.ModelCliente
--> <---> -> 
--> SQL utilizado -> SELECT * FROM clientes
--> Conexão com banco -> C:\Users\andre\source\repos\menew-teste3\bin\Debug\DataBase\CLIENTS.FDB

--> 18/01/2021 02:07:33 <--
--> Origem da chamada : menew-teste3
--> Código da chamada : -2146233079
--> Mensagem de retorno : Cep encontrado, está com valor inválido!
Cep=de r mari

--> 18/01/2021 02:08:06 <--
*** Mensagem de retorno direcionada ***
--> Inserindo um dado -> 
--> Tipo do objeto do Model -> menew_teste3.MVC.Models.ModelCliente
--> <---> -> 
--> SQL utilizado -> 
				INSERT INTO clientes (
					NOME, EMAIL, CEP, ESTADO, RUA,
					COMPLEMENTO, TELEFONE, CIDADE, NUMERO
				) VALUES (
					@NOME, @EMAIL, @CEP, @ESTADO, @RUA,
					@COMPLEMENTO, @TELEFONE, @CIDADE, @NUMERO
				)
--> Conexão com banco -> C:\Users\andre\source\repos\menew-teste3\bin\Debug\DataBase\CLIENTS.FDB

--> 18/01/2021 02:08:06 <--
*** Mensagem de retorno direcionada ***
--> Selecionando dado(s) -> 
--> Tipo do objeto do Model -> menew_teste3.MVC.Models.ModelCliente
--> <---> -> 
--> SQL utilizado -> SELECT * FROM clientes
--> Conexão com banco -> C:\Users\andre\source\repos\menew-teste3\bin\Debug\DataBase\CLIENTS.FDB

--> 18/01/2021 02:09:21 <--
*** Mensagem de retorno direcionada ***
--> Selecionando dado(s) -> 
--> Tipo do objeto do Model -> menew_teste3.MVC.Models.ModelCliente
--> <---> -> 
--> SQL utilizado -> SELECT * FROM clientes
--> Conexão com banco -> C:\Users\andre\source\repos\menew-teste3\bin\Debug\DataBase\CLIENTS.FDB

--> 18/01/2021 02:10:29 <--
*** Mensagem de retorno direcionada ***
--> Selecionando dado(s) -> 
--> Tipo do objeto do Model -> menew_teste3.MVC.Models.ModelCliente
--> <---> -> 
--> SQL utilizado -> SELECT * FROM clientes
--> Conexão com banco -> C:\Users\andre\source\repos\menew-teste3\bin\Debug\DataBase\CLIENTS.FDB

--> 18/01/2021 02:10:52 <--
--> Origem da chamada : menew-teste3
--> Código da chamada : -2146233079
--> Mensagem de retorno : Cep encontrado, está com valor inválido!
Cep=de r mari

--> 18/01/2021 02:11:03 <--
--> Origem da chamada : menew-teste3
--> Código da chamada : -2146233079
--> Mensagem de retorno : Cep encontrado, está com valor inválido!
Cep=de r mari

--> 18/01/2021 02:11:37 <--
*** Mensagem de retorno direcionada ***
--> Selecionando dado(s) -> 
--> Tipo do objeto do Model -> menew_teste3.MVC.Models.ModelCliente
--> <---> -> 
--> SQL utilizado -> SELECT * FROM clientes
--> Conexão com banco -> C:\Users\andre\source\repos\menew-teste3\bin\Debug\DataBase\CLIENTS.FDB

--> 18/01/2021 02:11:47 <--
--> Origem da chamada : menew-teste3
--> Código da chamada : -2146233079
--> Mensagem de retorno : Cep encontrado, está com valor inválido!
Cep=de r mari

--> 18/01/2021 02:12:13 <--
--> Origem da chamada : menew-teste3
--> Código da chamada : -2146233079
--> Mensagem de retorno : Cep encontrado, está com valor inválido!
Cep=de r mari

--> 18/01/2021 02:12:22 <--
--> Origem da chamada : menew-teste3
--> Código da chamada : -2146233079
--> Mensagem de retorno : Cep encontrado, está com valor inválido!
Cep=de r mari

--> 18/01/2021 02:12:57 <--
--> Origem da chamada : menew-teste3
--> Código da chamada : -2146233079
--> Mensagem de retorno : Cep encontrado, está com valor inválido!
Cep=de r mari

--> 18/01/2021 02:13:08 <--
*** Mensagem de retorno direcionada ***
--> Selecionando dado(s) -> 
--> Tipo do objeto do Model -> menew_teste3.MVC.Models.ModelCliente
--> <---> -> 
--> SQL utilizado -> SELECT * FROM clientes
--> Conexão com banco -> C:\Users\andre\source\repos\menew-teste3\bin\Debug\DataBase\CLIENTS.FDB

--> 18/01/2021 02:13:18 <--
--> Origem da chamada : menew-teste3
--> Código da chamada : -2146233079
--> Mensagem de retorno : Cep encontrado, está com valor inválido!
Cep=de r mari

--> 18/01/2021 02:13:51 <--
*** Mensagem de retorno direcionada ***
--> Selecionando dado(s) -> 
--> Tipo do objeto do Model -> menew_teste3.MVC.Models.ModelCliente
--> <---> -> 
--> SQL utilizado -> SELECT * FROM clientes
--> Conexão com banco -> C:\Users\andre\source\repos\menew-teste3\bin\Debug\DataBase\CLIENTS.FDB

--> 18/01/2021 02:13:55 <--
*** Mensagem de retorno direcionada ***
--> Atualizando um dado -> 
--> Tipo do objeto do Model -> menew_teste3.MVC.Models.ModelCliente
--> <---> -> 
--> SQL utilizado -> DELETE FROM clientes WHERE Id = @Id
--> Conexão com banco -> C:\Users\andre\source\repos\menew-teste3\bin\Debug\DataBase\CLIENTS.FDB

--> 18/01/2021 02:13:55 <--
*** Mensagem de retorno direcionada ***
--> Selecionando dado(s) -> 
--> Tipo do objeto do Model -> menew_teste3.MVC.Models.ModelCliente
--> <---> -> 
--> SQL utilizado -> SELECT * FROM clientes
--> Conexão com banco -> C:\Users\andre\source\repos\menew-teste3\bin\Debug\DataBase\CLIENTS.FDB

--> 18/01/2021 02:13:58 <--
*** Mensagem de retorno direcionada ***
--> Atualizando um dado -> 
--> Tipo do objeto do Model -> menew_teste3.MVC.Models.ModelCliente
--> <---> -> 
--> SQL utilizado -> DELETE FROM clientes WHERE Id = @Id
--> Conexão com banco -> C:\Users\andre\source\repos\menew-teste3\bin\Debug\DataBase\CLIENTS.FDB

--> 18/01/2021 02:13:58 <--
*** Mensagem de retorno direcionada ***
--> Selecionando dado(s) -> 
--> Tipo do objeto do Model -> menew_teste3.MVC.Models.ModelCliente
--> <---> -> 
--> SQL utilizado -> SELECT * FROM clientes
--> Conexão com banco -> C:\Users\andre\source\repos\menew-teste3\bin\Debug\DataBase\CLIENTS.FDB

--> 18/01/2021 02:14:12 <--
--> Origem da chamada : menew-teste3
--> Código da chamada : 9
--> Mensagem de retorno : Campo cep está vazio [Cep=]

--> 18/01/2021 02:14:18 <--
*** Mensagem de retorno direcionada ***
--> Selecionando dado(s) -> 
--> Tipo do objeto do Model -> menew_teste3.MVC.Models.ModelCliente
--> <---> -> 
--> SQL utilizado -> SELECT * FROM clientes WHERE LOWER(NOME) LIKE '%'||LOWER(@NOME)||'%' OR LOWER(TELEFONE) LIKE '%'||LOWER(@TELEFONE)||'%' OR LOWER(CIDADE) LIKE '%'||LOWER(@CIDADE)||'%' OR LOWER(RUA) LIKE '%'||LOWER(@RUA)||'%'
--> Conexão com banco -> C:\Users\andre\source\repos\menew-teste3\bin\Debug\DataBase\CLIENTS.FDB

--> 18/01/2021 02:14:18 <--
*** Mensagem de retorno direcionada ***
--> Selecionando dado(s) -> 
--> Tipo do objeto do Model -> menew_teste3.MVC.Models.ModelCliente
--> <---> -> 
--> SQL utilizado -> SELECT * FROM clientes WHERE LOWER(NOME) LIKE '%'||LOWER(@NOME)||'%' OR LOWER(TELEFONE) LIKE '%'||LOWER(@TELEFONE)||'%' OR LOWER(CIDADE) LIKE '%'||LOWER(@CIDADE)||'%' OR LOWER(RUA) LIKE '%'||LOWER(@RUA)||'%'
--> Conexão com banco -> C:\Users\andre\source\repos\menew-teste3\bin\Debug\DataBase\CLIENTS.FDB

--> 18/01/2021 02:14:18 <--
*** Mensagem de retorno direcionada ***
--> Selecionando dado(s) -> 
--> Tipo do objeto do Model -> menew_teste3.MVC.Models.ModelCliente
--> <---> -> 
--> SQL utilizado -> SELECT * FROM clientes WHERE LOWER(NOME) LIKE '%'||LOWER(@NOME)||'%' OR LOWER(TELEFONE) LIKE '%'||LOWER(@TELEFONE)||'%' OR LOWER(CIDADE) LIKE '%'||LOWER(@CIDADE)||'%' OR LOWER(RUA) LIKE '%'||LOWER(@RUA)||'%'
--> Conexão com banco -> C:\Users\andre\source\repos\menew-teste3\bin\Debug\DataBase\CLIENTS.FDB

--> 18/01/2021 02:14:18 <--
*** Mensagem de retorno direcionada ***
--> Selecionando dado(s) -> 
--> Tipo do objeto do Model -> menew_teste3.MVC.Models.ModelCliente
--> <---> -> 
--> SQL utilizado -> SELECT * FROM clientes WHERE LOWER(NOME) LIKE '%'||LOWER(@NOME)||'%' OR LOWER(TELEFONE) LIKE '%'||LOWER(@TELEFONE)||'%' OR LOWER(CIDADE) LIKE '%'||LOWER(@CIDADE)||'%' OR LOWER(RUA) LIKE '%'||LOWER(@RUA)||'%'
--> Conexão com banco -> C:\Users\andre\source\repos\menew-teste3\bin\Debug\DataBase\CLIENTS.FDB

--> 18/01/2021 02:14:18 <--
*** Mensagem de retorno direcionada ***
--> Selecionando dado(s) -> 
--> Tipo do objeto do Model -> menew_teste3.MVC.Models.ModelCliente
--> <---> -> 
--> SQL utilizado -> SELECT * FROM clientes WHERE LOWER(NOME) LIKE '%'||LOWER(@NOME)||'%' OR LOWER(TELEFONE) LIKE '%'||LOWER(@TELEFONE)||'%' OR LOWER(CIDADE) LIKE '%'||LOWER(@CIDADE)||'%' OR LOWER(RUA) LIKE '%'||LOWER(@RUA)||'%'
--> Conexão com banco -> C:\Users\andre\source\repos\menew-teste3\bin\Debug\DataBase\CLIENTS.FDB

